#
# There is insufficient memory for the Java Runtime Environment to continue.
# Native memory allocation (malloc) failed to allocate 722896 bytes for Chunk::new
# Possible reasons:
#   The system is out of physical RAM or swap space
#   The process is running with CompressedOops enabled, and the Java Heap may be blocking the growth of the native heap
# Possible solutions:
#   Reduce memory load on the system
#   Increase physical memory or swap space
#   Check if swap backing store is full
#   Decrease Java heap size (-Xmx/-Xms)
#   Decrease number of Java threads
#   Decrease Java thread stack sizes (-Xss)
#   Set larger code cache with -XX:ReservedCodeCacheSize=
#   JVM is running with Unscaled Compressed Oops mode in which the Java heap is
#     placed in the first 4GB address space. The Java Heap base address is the
#     maximum limit for the native heap growth. Please use -XX:HeapBaseMinAddress
#     to set the Java Heap base and to place the Java Heap above 4GB virtual address.
# This output file may be truncated or incomplete.
#
#  Out of Memory Error (allocation.cpp:389), pid=10364, tid=0x00000000000042b8
#
# JRE version: Java(TM) SE Runtime Environment (8.0_241-b07) (build 1.8.0_241-b07)
# Java VM: Java HotSpot(TM) 64-Bit Server VM (25.241-b07 mixed mode windows-amd64 compressed oops)
# Failed to write core dump. Minidumps are not enabled by default on client versions of Windows
#

---------------  T H R E A D  ---------------

Current thread (0x000000001690b000):  JavaThread "C2 CompilerThread0" daemon [_thread_in_native, id=17080, stack(0x0000000018240000,0x0000000018340000)]

Stack: [0x0000000018240000,0x0000000018340000]
[error occurred during error reporting (printing stack bounds), id 0xc0000005]

Native frames: (J=compiled Java code, j=interpreted, Vv=VM code, C=native code)


Current CompileTask:
C2:1422376 16970       4       com.android.builder.symbols.BytecodeRClassWriterKt::generateResourceTypeClass (595 bytes)


---------------  P R O C E S S  ---------------

Java Threads: ( => current thread )
  0x0000000018d3f800 JavaThread "WorkerExecutor Queue Thread 3" [_thread_blocked, id=7876, stack(0x0000000031980000,0x0000000031a80000)]
  0x0000000018d41000 JavaThread "WorkerExecutor Queue Thread 2" [_thread_blocked, id=17928, stack(0x0000000031880000,0x0000000031980000)]
  0x000000001cc7c000 JavaThread "stdout" [_thread_in_native, id=22004, stack(0x0000000031780000,0x0000000031880000)]
  0x000000001cc7a800 JavaThread "stderr" [_thread_in_native, id=11044, stack(0x0000000031680000,0x0000000031780000)]
  0x000000001cc75000 JavaThread "pool-12-thread-1" [_thread_blocked, id=8440, stack(0x0000000031580000,0x0000000031680000)]
  0x000000001cc77800 JavaThread "WorkerExecutor Queue" [_thread_blocked, id=21104, stack(0x0000000031480000,0x0000000031580000)]
  0x000000001cc79000 JavaThread "Cache worker for execution history cache (C:\mobile\newWorkspace\Kotlin_Sample\.gradle\5.6.4\executionHistory)" [_thread_blocked, id=16764, stack(0x0000000031380000,0x0000000031480000)]
  0x000000001cc76800 JavaThread "Execution worker for ':' Thread 3" [_thread_in_Java, id=19820, stack(0x0000000031280000,0x0000000031380000)]
  0x000000001cc6d800 JavaThread "Execution worker for ':' Thread 2" [_thread_blocked, id=12800, stack(0x0000000031180000,0x0000000031280000)]
  0x000000001cc70000 JavaThread "Execution worker for ':'" [_thread_blocked, id=19936, stack(0x0000000031080000,0x0000000031180000)]
  0x000000001cc73000 JavaThread "Cache worker for file content cache (C:\mobile\newWorkspace\Kotlin_Sample\.gradle\5.6.4\fileContent)" [_thread_blocked, id=19400, stack(0x0000000030f80000,0x0000000031080000)]
  0x000000001cc73800 JavaThread "Cache worker for Build Output Cleanup Cache (C:\mobile\newWorkspace\Kotlin_Sample\.gradle\buildOutputCleanup)" [_thread_blocked, id=20432, stack(0x0000000030e80000,0x0000000030f80000)]
  0x000000001cc72000 JavaThread "Build operations Thread 4" [_thread_blocked, id=13872, stack(0x0000000030d80000,0x0000000030e80000)]
  0x000000001da7b000 JavaThread "Build operations Thread 3" [_thread_blocked, id=22284, stack(0x0000000030c80000,0x0000000030d80000)]
  0x000000001da79000 JavaThread "Build operations Thread 2" [_thread_blocked, id=3540, stack(0x0000000030b80000,0x0000000030c80000)]
  0x000000001da7d800 JavaThread "Build operations" [_thread_blocked, id=21024, stack(0x0000000030a80000,0x0000000030b80000)]
  0x000000001da7a800 JavaThread "Cache worker for cache directory md-rule (C:\Users\Ïû¨Ïú§\.gradle\caches\5.6.4\md-rule)" [_thread_blocked, id=6564, stack(0x0000000030980000,0x0000000030a80000)]
  0x000000001da7c000 JavaThread "Cache worker for cache directory md-supplier (C:\Users\Ïû¨Ïú§\.gradle\caches\5.6.4\md-supplier)" [_thread_blocked, id=5244, stack(0x0000000030880000,0x0000000030980000)]
  0x000000001da78000 JavaThread "Cache worker for file hash cache (C:\mobile\newWorkspace\Kotlin_Sample\.gradle\5.6.4\fileHashes)" [_thread_blocked, id=9152, stack(0x0000000030780000,0x0000000030880000)]
  0x000000001da79800 JavaThread "Thread-128" [_thread_blocked, id=15784, stack(0x0000000030680000,0x0000000030780000)]
  0x000000001da6f000 JavaThread "Stdin handler" [_thread_blocked, id=9928, stack(0x0000000030580000,0x0000000030680000)]
  0x000000001da76000 JavaThread "Asynchronous log dispatcher for DefaultDaemonConnection: socket connection from /127.0.0.1:58098 to /127.0.0.1:58815" [_thread_blocked, id=16040, stack(0x0000000030480000,0x0000000030580000)]
  0x000000001da6e000 JavaThread "Daemon worker Thread 5" [_thread_blocked, id=1484, stack(0x0000000030380000,0x0000000030480000)]
  0x000000001da72800 JavaThread "Cancel handler" [_thread_blocked, id=14688, stack(0x0000000030280000,0x0000000030380000)]
  0x000000001da73800 JavaThread "Handler for socket connection from /127.0.0.1:58098 to /127.0.0.1:58815" [_thread_in_native, id=10004, stack(0x0000000030180000,0x0000000030280000)]
  0x000000001da72000 JavaThread "Daemon Thread 5" [_thread_blocked, id=15708, stack(0x0000000030080000,0x0000000030180000)]
  0x000000001da74000 JavaThread "RMI TCP Connection(idle)" daemon [_thread_blocked, id=17780, stack(0x000000002ff80000,0x0000000030080000)]
  0x000000001da70800 JavaThread "Cache worker for Java compile cache (C:\Users\Ïû¨Ïú§\.gradle\caches\5.6.4\javaCompile)" [_thread_blocked, id=10216, stack(0x0000000025160000,0x0000000025260000)]
  0x000000001cc7b000 JavaThread "RMI Reaper" [_thread_blocked, id=12160, stack(0x0000000024a60000,0x0000000024b60000)]
  0x000000001cc78000 JavaThread "RMI TCP Accept-0" daemon [_thread_in_native, id=2100, stack(0x0000000024960000,0x0000000024a60000)]
  0x000000001cc76000 JavaThread "GC Daemon" daemon [_thread_blocked, id=2776, stack(0x0000000024860000,0x0000000024960000)]
  0x000000001cc7c800 JavaThread "RMI Scheduler(0)" daemon [_thread_blocked, id=20384, stack(0x0000000024660000,0x0000000024760000)]
  0x000000001cc71800 JavaThread "Cache worker for file content cache (C:\Users\Ïû¨Ïú§\.gradle\caches\5.6.4\fileContent)" [_thread_blocked, id=18440, stack(0x0000000023260000,0x0000000023360000)]
  0x000000001cc70800 JavaThread "Memory manager" [_thread_blocked, id=7164, stack(0x0000000023160000,0x0000000023260000)]
  0x0000000018d45800 JavaThread "Cache worker for execution history cache (C:\Users\Ïû¨Ïú§\.gradle\caches\5.6.4\executionHistory)" [_thread_blocked, id=13404, stack(0x00000000216b0000,0x00000000217b0000)]
  0x0000000018d3f000 JavaThread "Cache worker for journal cache (C:\Users\Ïû¨Ïú§\.gradle\caches\journal-1)" [_thread_blocked, id=20124, stack(0x000000001c1c0000,0x000000001c2c0000)]
  0x0000000018d44000 JavaThread "File lock request listener" [_thread_in_native, id=5088, stack(0x000000001c0c0000,0x000000001c1c0000)]
  0x0000000018d43800 JavaThread "Cache worker for file hash cache (C:\Users\Ïû¨Ïú§\.gradle\caches\5.6.4\fileHashes)" [_thread_blocked, id=19912, stack(0x000000001bfc0000,0x000000001c0c0000)]
  0x00000000195a4800 JavaThread "Daemon periodic checks" [_thread_blocked, id=7860, stack(0x000000001b3c0000,0x000000001b4c0000)]
  0x0000000018001000 JavaThread "Incoming local TCP Connector on port 58098" [_thread_in_native, id=4352, stack(0x000000001b1e0000,0x000000001b2e0000)]
  0x0000000017fa6800 JavaThread "Daemon health stats" [_thread_blocked, id=10796, stack(0x000000001aee0000,0x000000001afe0000)]
  0x0000000017cb3000 JavaThread "Service Thread" daemon [_thread_blocked, id=15428, stack(0x0000000018540000,0x0000000018640000)]
  0x0000000017cad800 JavaThread "C1 CompilerThread2" daemon [_thread_blocked, id=14844, stack(0x0000000018440000,0x0000000018540000)]
  0x000000001690e000 JavaThread "C2 CompilerThread1" daemon [_thread_in_native, id=20144, stack(0x0000000018340000,0x0000000018440000)]
=>0x000000001690b000 JavaThread "C2 CompilerThread0" daemon [_thread_in_native, id=17080, stack(0x0000000018240000,0x0000000018340000)]
  0x00000000168c0000 JavaThread "Attach Listener" daemon [_thread_blocked, id=16060, stack(0x0000000018140000,0x0000000018240000)]
  0x00000000168bf000 JavaThread "Signal Dispatcher" daemon [_thread_blocked, id=5664, stack(0x0000000018040000,0x0000000018140000)]
  0x0000000002e3b000 JavaThread "Finalizer" daemon [_thread_blocked, id=4360, stack(0x0000000017b40000,0x0000000017c40000)]
  0x0000000016899800 JavaThread "Reference Handler" daemon [_thread_blocked, id=20732, stack(0x0000000017a40000,0x0000000017b40000)]
  0x0000000002d42800 JavaThread "main" [_thread_blocked, id=18144, stack(0x00000000028d0000,0x00000000029d0000)]

Other Threads:
  0x0000000016877800 VMThread [stack: 0x0000000017940000,0x0000000017a40000] [id=11788]
  0x0000000017cd7800 WatcherThread [stack: 0x0000000018640000,0x0000000018740000] [id=19292]

VM state:not at safepoint (normal execution)

VM Mutex/Monitor currently owned by a thread: None

OutOfMemory and StackOverflow Exception counts:
OutOfMemoryError java_heap_errors=1

heap address: 0x00000000a0000000, size: 1536 MB, Compressed Oops mode: 32-bit
Narrow klass base: 0x0000000000000000, Narrow klass shift: 3
Compressed class space size: 1073741824 Address: 0x0000000100000000

Heap:
 PSYoungGen      total 425472K, used 378652K [0x00000000e0000000, 0x0000000100000000, 0x0000000100000000)
  eden space 394240K, 93% used [0x00000000e0000000,0x00000000f66f5188,0x00000000f8100000)
  from space 31232K, 35% used [0x00000000f8100000,0x00000000f8bd1e78,0x00000000f9f80000)
  to   space 29696K, 0% used [0x00000000fe300000,0x00000000fe300000,0x0000000100000000)
 ParOldGen       total 104448K, used 64559K [0x00000000a0000000, 0x00000000a6600000, 0x00000000e0000000)
  object space 104448K, 61% used [0x00000000a0000000,0x00000000a3f0bd60,0x00000000a6600000)
 Metaspace       used 90075K, capacity 95038K, committed 95104K, reserved 1130496K
  class space    used 12244K, capacity 13124K, committed 13184K, reserved 1048576K

Card table byte_map: [0x0000000012300000,0x0000000012610000] byte_map_base: 0x0000000011e00000

Marking Bits: (ParMarkBitMap*) 0x000000006885be30
 Begin Bits: [0x0000000012c10000, 0x0000000014410000)
 End Bits:   [0x0000000014410000, 0x0000000015c10000)

Polling page: 0x0000000001070000

CodeCache: size=245760Kb used=45278Kb max_used=45329Kb free=200481Kb
 bounds [0x0000000002f40000, 0x0000000005bd0000, 0x0000000011f40000]
 total_blobs=14898 nmethods=14012 adapters=796
 compilation: enabled

Compilation events (10 events):
Event: 1422.198 Thread 0x0000000017cad800 16989   !   3       com.android.zipflinger.BytesSource::<init> (160 bytes)
Event: 1422.200 Thread 0x0000000017cad800 nmethod 16989 0x000000000558e310 code [0x000000000558e540, 0x000000000558f1b8]
Event: 1422.269 Thread 0x0000000017cad800 16990       3       com.android.zipflinger.CentralDirectoryRecord::<init> (44 bytes)
Event: 1422.269 Thread 0x0000000017cad800 nmethod 16990 0x00000000042a3e10 code [0x00000000042a3f60, 0x00000000042a4170]
Event: 1422.269 Thread 0x0000000017cad800 16991       3       com.android.zipflinger.BytesSource::prepare (1 bytes)
Event: 1422.270 Thread 0x0000000017cad800 nmethod 16991 0x0000000005bb6a90 code [0x0000000005bb6be0, 0x0000000005bb6d30]
Event: 1422.270 Thread 0x0000000017cad800 16992       3       com.android.zipflinger.BytesSource::writeTo (10 bytes)
Event: 1422.270 Thread 0x0000000017cad800 nmethod 16992 0x00000000042a38d0 code [0x00000000042a3a40, 0x00000000042a3cc8]
Event: 1422.307 Thread 0x0000000017cad800 16994       3       org.objectweb.asm.ClassWriter::visitEnd (1 bytes)
Event: 1422.308 Thread 0x0000000017cad800 nmethod 16994 0x000000000558dfd0 code [0x000000000558e120, 0x000000000558e270]

GC Heap History (10 events):
Event: 37.535 GC heap before
{Heap before GC invocations=16 (full 3):
 PSYoungGen      total 219136K, used 198656K [0x00000000e0000000, 0x00000000f2980000, 0x0000000100000000)
  eden space 198656K, 100% used [0x00000000e0000000,0x00000000ec200000,0x00000000ec200000)
  from space 20480K, 0% used [0x00000000ed680000,0x00000000ed680000,0x00000000eea80000)
  to   space 20992K, 0% used [0x00000000ec200000,0x00000000ec200000,0x00000000ed680000)
 ParOldGen       total 104448K, used 30630K [0x00000000a0000000, 0x00000000a6600000, 0x00000000e0000000)
  object space 104448K, 29% used [0x00000000a0000000,0x00000000a1de9a18,0x00000000a6600000)
 Metaspace       used 61610K, capacity 63818K, committed 63872K, reserved 1103872K
  class space    used 8582K, capacity 9064K, committed 9088K, reserved 1048576K
Event: 37.577 GC heap after
Heap after GC invocations=16 (full 3):
 PSYoungGen      total 219648K, used 17783K [0x00000000e0000000, 0x00000000f4b80000, 0x0000000100000000)
  eden space 198656K, 0% used [0x00000000e0000000,0x00000000e0000000,0x00000000ec200000)
  from space 20992K, 84% used [0x00000000ec200000,0x00000000ed35dee8,0x00000000ed680000)
  to   space 23040K, 0% used [0x00000000f3500000,0x00000000f3500000,0x00000000f4b80000)
 ParOldGen       total 104448K, used 30638K [0x00000000a0000000, 0x00000000a6600000, 0x00000000e0000000)
  object space 104448K, 29% used [0x00000000a0000000,0x00000000a1deba18,0x00000000a6600000)
 Metaspace       used 61610K, capacity 63818K, committed 63872K, reserved 1103872K
  class space    used 8582K, capacity 9064K, committed 9088K, reserved 1048576K
}
Event: 48.223 GC heap before
{Heap before GC invocations=17 (full 3):
 PSYoungGen      total 219648K, used 216439K [0x00000000e0000000, 0x00000000f4b80000, 0x0000000100000000)
  eden space 198656K, 100% used [0x00000000e0000000,0x00000000ec200000,0x00000000ec200000)
  from space 20992K, 84% used [0x00000000ec200000,0x00000000ed35dee8,0x00000000ed680000)
  to   space 23040K, 0% used [0x00000000f3500000,0x00000000f3500000,0x00000000f4b80000)
 ParOldGen       total 104448K, used 30638K [0x00000000a0000000, 0x00000000a6600000, 0x00000000e0000000)
  object space 104448K, 29% used [0x00000000a0000000,0x00000000a1deba18,0x00000000a6600000)
 Metaspace       used 68932K, capacity 71292K, committed 71552K, reserved 1110016K
  class space    used 9576K, capacity 10051K, committed 10112K, reserved 1048576K
Event: 48.278 GC heap after
Heap after GC invocations=17 (full 3):
 PSYoungGen      total 307200K, used 17306K [0x00000000e0000000, 0x00000000f4880000, 0x0000000100000000)
  eden space 287232K, 0% used [0x00000000e0000000,0x00000000e0000000,0x00000000f1880000)
  from space 19968K, 86% used [0x00000000f3500000,0x00000000f45e6b78,0x00000000f4880000)
  to   space 24576K, 0% used [0x00000000f1880000,0x00000000f1880000,0x00000000f3080000)
 ParOldGen       total 104448K, used 45554K [0x00000000a0000000, 0x00000000a6600000, 0x00000000e0000000)
  object space 104448K, 43% used [0x00000000a0000000,0x00000000a2c7cb98,0x00000000a6600000)
 Metaspace       used 68932K, capacity 71292K, committed 71552K, reserved 1110016K
  class space    used 9576K, capacity 10051K, committed 10112K, reserved 1048576K
}
Event: 829.886 GC heap before
{Heap before GC invocations=18 (full 3):
 PSYoungGen      total 307200K, used 304538K [0x00000000e0000000, 0x00000000f4880000, 0x0000000100000000)
  eden space 287232K, 100% used [0x00000000e0000000,0x00000000f1880000,0x00000000f1880000)
  from space 19968K, 86% used [0x00000000f3500000,0x00000000f45e6b78,0x00000000f4880000)
  to   space 24576K, 0% used [0x00000000f1880000,0x00000000f1880000,0x00000000f3080000)
 ParOldGen       total 104448K, used 45554K [0x00000000a0000000, 0x00000000a6600000, 0x00000000e0000000)
  object space 104448K, 43% used [0x00000000a0000000,0x00000000a2c7cb98,0x00000000a6600000)
 Metaspace       used 84940K, capacity 88942K, committed 89088K, reserved 1126400K
  class space    used 11758K, capacity 12480K, committed 12544K, reserved 1048576K
Event: 829.976 GC heap after
Heap after GC invocations=18 (full 3):
 PSYoungGen      total 311808K, used 24565K [0x00000000e0000000, 0x00000000fcc00000, 0x0000000100000000)
  eden space 287232K, 0% used [0x00000000e0000000,0x00000000e0000000,0x00000000f1880000)
  from space 24576K, 99% used [0x00000000f1880000,0x00000000f307d4d8,0x00000000f3080000)
  to   space 32768K, 0% used [0x00000000fac00000,0x00000000fac00000,0x00000000fcc00000)
 ParOldGen       total 104448K, used 57095K [0x00000000a0000000, 0x00000000a6600000, 0x00000000e0000000)
  object space 104448K, 54% used [0x00000000a0000000,0x00000000a37c1c00,0x00000000a6600000)
 Metaspace       used 84940K, capacity 88942K, committed 89088K, reserved 1126400K
  class space    used 11758K, capacity 12480K, committed 12544K, reserved 1048576K
}
Event: 862.401 GC heap before
{Heap before GC invocations=19 (full 3):
 PSYoungGen      total 311808K, used 311797K [0x00000000e0000000, 0x00000000fcc00000, 0x0000000100000000)
  eden space 287232K, 100% used [0x00000000e0000000,0x00000000f1880000,0x00000000f1880000)
  from space 24576K, 99% used [0x00000000f1880000,0x00000000f307d4d8,0x00000000f3080000)
  to   space 32768K, 0% used [0x00000000fac00000,0x00000000fac00000,0x00000000fcc00000)
 ParOldGen       total 104448K, used 57095K [0x00000000a0000000, 0x00000000a6600000, 0x00000000e0000000)
  object space 104448K, 54% used [0x00000000a0000000,0x00000000a37c1c00,0x00000000a6600000)
 Metaspace       used 85779K, capacity 90134K, committed 90240K, reserved 1126400K
  class space    used 11831K, capacity 12604K, committed 12672K, reserved 1048576K
Event: 862.441 GC heap after
Heap after GC invocations=19 (full 3):
 PSYoungGen      total 412672K, used 10160K [0x00000000e0000000, 0x00000000fbe00000, 0x0000000100000000)
  eden space 394240K, 0% used [0x00000000e0000000,0x00000000e0000000,0x00000000f8100000)
  from space 18432K, 55% used [0x00000000fac00000,0x00000000fb5ec020,0x00000000fbe00000)
  to   space 31232K, 0% used [0x00000000f8100000,0x00000000f8100000,0x00000000f9f80000)
 ParOldGen       total 104448K, used 64215K [0x00000000a0000000, 0x00000000a6600000, 0x00000000e0000000)
  object space 104448K, 61% used [0x00000000a0000000,0x00000000a3eb5d40,0x00000000a6600000)
 Metaspace       used 85779K, capacity 90134K, committed 90240K, reserved 1126400K
  class space    used 11831K, capacity 12604K, committed 12672K, reserved 1048576K
}
Event: 1143.278 GC heap before
{Heap before GC invocations=20 (full 3):
 PSYoungGen      total 412672K, used 404400K [0x00000000e0000000, 0x00000000fbe00000, 0x0000000100000000)
  eden space 394240K, 100% used [0x00000000e0000000,0x00000000f8100000,0x00000000f8100000)
  from space 18432K, 55% used [0x00000000fac00000,0x00000000fb5ec020,0x00000000fbe00000)
  to   space 31232K, 0% used [0x00000000f8100000,0x00000000f8100000,0x00000000f9f80000)
 ParOldGen       total 104448K, used 64215K [0x00000000a0000000, 0x00000000a6600000, 0x00000000e0000000)
  object space 104448K, 61% used [0x00000000a0000000,0x00000000a3eb5d40,0x00000000a6600000)
 Metaspace       used 87090K, capacity 91764K, committed 92032K, reserved 1128448K
  class space    used 11939K, capacity 12801K, committed 12928K, reserved 1048576K
Event: 1143.307 GC heap after
Heap after GC invocations=20 (full 3):
 PSYoungGen      total 425472K, used 11079K [0x00000000e0000000, 0x0000000100000000, 0x0000000100000000)
  eden space 394240K, 0% used [0x00000000e0000000,0x00000000e0000000,0x00000000f8100000)
  from space 31232K, 35% used [0x00000000f8100000,0x00000000f8bd1e78,0x00000000f9f80000)
  to   space 29696K, 0% used [0x00000000fe300000,0x00000000fe300000,0x0000000100000000)
 ParOldGen       total 104448K, used 64559K [0x00000000a0000000, 0x00000000a6600000, 0x00000000e0000000)
  object space 104448K, 61% used [0x00000000a0000000,0x00000000a3f0bd60,0x00000000a6600000)
 Metaspace       used 87090K, capacity 91764K, committed 92032K, reserved 1128448K
  class space    used 11939K, capacity 12801K, committed 12928K, reserved 1048576K
}

Deoptimization events (10 events):
Event: 1418.593 Thread 0x000000001cc76800 Uncommon trap: reason=class_check action=maybe_recompile pc=0x0000000005aef1dc method=com.google.common.collect.TransformedIterator.hasNext()Z @ 4
Event: 1418.593 Thread 0x000000001cc76800 Uncommon trap: reason=class_check action=maybe_recompile pc=0x0000000005aef1dc method=com.google.common.collect.TransformedIterator.hasNext()Z @ 4
Event: 1418.593 Thread 0x000000001cc76800 Uncommon trap: reason=class_check action=maybe_recompile pc=0x0000000005aef1dc method=com.google.common.collect.TransformedIterator.hasNext()Z @ 4
Event: 1419.025 Thread 0x000000001cc76800 Uncommon trap: reason=unstable_if action=reinterpret pc=0x0000000003c38e64 method=com.google.gson.stream.JsonReader.nextQuotedValue(C)Ljava/lang/String; @ 96
Event: 1419.050 Thread 0x000000001cc76800 Uncommon trap: reason=unstable_if action=reinterpret pc=0x0000000005ac78d8 method=com.sun.org.apache.xerces.internal.dom.ElementImpl.getAttributes()Lorg/w3c/dom/NamedNodeMap; @ 4
Event: 1419.089 Thread 0x000000001cc76800 Uncommon trap: reason=unstable_if action=reinterpret pc=0x0000000005abf054 method=com.sun.org.apache.xerces.internal.dom.DeferredDocumentImpl.getTypeInfo(I)Ljava/lang/Object; @ 24
Event: 1419.141 Thread 0x000000001cc76800 Uncommon trap: reason=null_check action=make_not_entrant pc=0x0000000005b5fdd0 method=com.sun.org.apache.xerces.internal.dom.ElementImpl.getDefaultAttributes()Lcom/sun/org/apache/xerces/internal/dom/NamedNodeMapImpl; @ 7
Event: 1419.293 Thread 0x000000001cc76800 Uncommon trap: reason=unstable_if action=reinterpret pc=0x0000000005b43514 method=sun.nio.cs.UTF_8$Encoder.encodeArrayLoop(Ljava/nio/CharBuffer;Ljava/nio/ByteBuffer;)Ljava/nio/charset/CoderResult; @ 166
Event: 1419.557 Thread 0x000000001da6e000 Uncommon trap: reason=null_assert action=make_not_entrant pc=0x000000000597b69c method=org.gradle.internal.snapshot.impl.DefaultValueSnapshotter.processValue(Ljava/lang/Object;Lorg/gradle/internal/snapshot/impl/DefaultValueSnapshotter$ValueVisitor;)Ljava/
Event: 1419.747 Thread 0x000000001cc79000 Uncommon trap: reason=unstable_if action=reinterpret pc=0x0000000004bd3ed4 method=org.gradle.internal.fingerprint.impl.DefaultFileSystemLocationFingerprint.getType()Lorg/gradle/internal/file/FileType; @ 21

Classes redefined (0 events):
No events

Internal exceptions (10 events):
Event: 1146.443 Thread 0x000000001da7d800 Exception <a 'sun/nio/fs/WindowsException'> (0x00000000e3dd1c18) thrown at [C:\ade\jenkins\workspace\8-2-build-windows-amd64-cygwin\jdk8u241\331\hotspot\src\share\vm\prims\jni.cpp, line 710]
Event: 1148.243 Thread 0x000000001da79000 Exception <a 'java/lang/NoSuchMethodError': java.lang.Object.lambda$asRunnable$0(Lcom/android/tools/build/apkzlib/utils/IOExceptionRunnable;)V> (0x00000000e86c5210) thrown at [C:\ade\jenkins\workspace\8-2-build-windows-amd64-cygwin\jdk8u241\331\hotspot\sr
Event: 1148.624 Thread 0x000000001cc6d800 Exception <a 'sun/nio/fs/WindowsException'> (0x00000000e8dc3298) thrown at [C:\ade\jenkins\workspace\8-2-build-windows-amd64-cygwin\jdk8u241\331\hotspot\src\share\vm\prims\jni.cpp, line 710]
Event: 1418.130 Thread 0x000000001cc76800 Implicit null exception at 0x000000000358c8de to 0x000000000358ca61
Event: 1419.089 Thread 0x000000001cc76800 Implicit null exception at 0x0000000005abefb5 to 0x0000000005abf039
Event: 1419.141 Thread 0x000000001cc76800 Implicit null exception at 0x0000000005b5fca5 to 0x0000000005b5fdb9
Event: 1419.409 Thread 0x000000001cc76800 Exception <a 'java/lang/NoSuchMethodError': <clinit>> (0x00000000f1e48fa0) thrown at [C:\ade\jenkins\workspace\8-2-build-windows-amd64-cygwin\jdk8u241\331\hotspot\src\share\vm\prims\jni.cpp, line 1614]
Event: 1419.416 Thread 0x000000001cc76800 Exception <a 'java/lang/NoSuchMethodError': <clinit>> (0x00000000f1e5dd98) thrown at [C:\ade\jenkins\workspace\8-2-build-windows-amd64-cygwin\jdk8u241\331\hotspot\src\share\vm\prims\jni.cpp, line 1614]
Event: 1421.972 Thread 0x000000001cc77800 Exception <a 'sun/nio/fs/WindowsException'> (0x00000000f4b7d300) thrown at [C:\ade\jenkins\workspace\8-2-build-windows-amd64-cygwin\jdk8u241\331\hotspot\src\share\vm\prims\jni.cpp, line 710]
Event: 1421.972 Thread 0x000000001cc77800 Exception <a 'sun/nio/fs/WindowsException'> (0x00000000f4b7dcb8) thrown at [C:\ade\jenkins\workspace\8-2-build-windows-amd64-cygwin\jdk8u241\331\hotspot\src\share\vm\prims\jni.cpp, line 710]

Events (10 events):
Event: 1421.982 Thread 0x000000001cc77800 DEOPT PACKING pc=0x00000000058e2ec6 sp=0x000000003157d660
Event: 1421.982 Thread 0x000000001cc77800 DEOPT UNPACKING pc=0x0000000002f87890 sp=0x000000003157d3d8 mode 0
Event: 1421.997 Thread 0x000000001cc77800 DEOPT PACKING pc=0x00000000058ce17e sp=0x000000003157d670
Event: 1421.997 Thread 0x000000001cc77800 DEOPT UNPACKING pc=0x0000000002f87890 sp=0x000000003157d3e0 mode 0
Event: 1422.071 Thread 0x000000001cc77800 DEOPT PACKING pc=0x00000000058e2ec6 sp=0x000000003157d660
Event: 1422.071 Thread 0x000000001cc77800 DEOPT UNPACKING pc=0x0000000002f87890 sp=0x000000003157d3d8 mode 0
Event: 1422.120 Thread 0x000000001cc77800 DEOPT PACKING pc=0x00000000058ce17e sp=0x000000003157d670
Event: 1422.120 Thread 0x000000001cc77800 DEOPT UNPACKING pc=0x0000000002f87890 sp=0x000000003157d3e0 mode 0
Event: 1422.156 Thread 0x000000001cc77800 DEOPT PACKING pc=0x00000000058e2ec6 sp=0x000000003157d660
Event: 1422.156 Thread 0x000000001cc77800 DEOPT UNPACKING pc=0x0000000002f87890 sp=0x000000003157d3d8 mode 0


Dynamic libraries:
0x00007ff735010000 - 0x00007ff735047000 	C:\Program Files\Java\jdk1.8.0_241\bin\java.exe
0x00007fffdb780000 - 0x00007fffdb96d000 	C:\WINDOWS\SYSTEM32\ntdll.dll
0x00007fffdafa0000 - 0x00007fffdb053000 	C:\WINDOWS\System32\KERNEL32.DLL
0x00007fffd7840000 - 0x00007fffd7ad3000 	C:\WINDOWS\System32\KERNELBASE.dll
0x00007fffd9480000 - 0x00007fffd9523000 	C:\WINDOWS\System32\ADVAPI32.dll
0x00007fffd8a50000 - 0x00007fffd8aee000 	C:\WINDOWS\System32\msvcrt.dll
0x00007fffdb300000 - 0x00007fffdb39e000 	C:\WINDOWS\System32\sechost.dll
0x00007fffd9280000 - 0x00007fffd93a2000 	C:\WINDOWS\System32\RPCRT4.dll
0x00007fffdb160000 - 0x00007fffdb2f7000 	C:\WINDOWS\System32\USER32.dll
0x00007fffd8980000 - 0x00007fffd89a0000 	C:\WINDOWS\System32\win32u.dll
0x00007fffdabe0000 - 0x00007fffdac09000 	C:\WINDOWS\System32\GDI32.dll
0x00007fffd8590000 - 0x00007fffd8729000 	C:\WINDOWS\System32\gdi32full.dll
0x00007fffd88e0000 - 0x00007fffd8980000 	C:\WINDOWS\System32\msvcp_win.dll
0x00007fffd8230000 - 0x00007fffd832a000 	C:\WINDOWS\System32\ucrtbase.dll
0x00007fffc8a20000 - 0x00007fffc8c99000 	C:\WINDOWS\WinSxS\amd64_microsoft.windows.common-controls_6595b64144ccf1df_6.0.17763.973_none_05b245900721eb81\COMCTL32.dll
0x00007fffdac70000 - 0x00007fffdaf9c000 	C:\WINDOWS\System32\combase.dll
0x00007fffd8510000 - 0x00007fffd858e000 	C:\WINDOWS\System32\bcryptPrimitives.dll
0x00007fffdb0d0000 - 0x00007fffdb0fe000 	C:\WINDOWS\System32\IMM32.DLL
0x0000000069ee0000 - 0x0000000069fb2000 	C:\Program Files\Java\jdk1.8.0_241\jre\bin\msvcr100.dll
0x0000000068030000 - 0x00000000688dc000 	C:\Program Files\Java\jdk1.8.0_241\jre\bin\server\jvm.dll
0x00007fffd96c0000 - 0x00007fffd96c8000 	C:\WINDOWS\System32\PSAPI.DLL
0x00007fffd4320000 - 0x00007fffd4344000 	C:\WINDOWS\SYSTEM32\WINMM.dll
0x00007fffc57a0000 - 0x00007fffc57a9000 	C:\WINDOWS\SYSTEM32\WSOCK32.dll
0x00007fffdb550000 - 0x00007fffdb5bd000 	C:\WINDOWS\System32\WS2_32.dll
0x00007fffd62c0000 - 0x00007fffd62ca000 	C:\WINDOWS\SYSTEM32\VERSION.dll
0x00007fffd42f0000 - 0x00007fffd431d000 	C:\WINDOWS\SYSTEM32\WINMMBASE.dll
0x00007fffd8730000 - 0x00007fffd877a000 	C:\WINDOWS\System32\cfgmgr32.dll
0x00007fffc8780000 - 0x00007fffc878f000 	C:\Program Files\Java\jdk1.8.0_241\jre\bin\verify.dll
0x00007fffc1010000 - 0x00007fffc1039000 	C:\Program Files\Java\jdk1.8.0_241\jre\bin\java.dll
0x00007fffc2d00000 - 0x00007fffc2d16000 	C:\Program Files\Java\jdk1.8.0_241\jre\bin\zip.dll
0x00007fffd96d0000 - 0x00007fffdabc4000 	C:\WINDOWS\System32\SHELL32.dll
0x00007fffd8b70000 - 0x00007fffd8c18000 	C:\WINDOWS\System32\shcore.dll
0x00007fffd7ae0000 - 0x00007fffd822d000 	C:\WINDOWS\System32\windows.storage.dll
0x00007fffd7790000 - 0x00007fffd77b4000 	C:\WINDOWS\System32\profapi.dll
0x00007fffd77e0000 - 0x00007fffd783d000 	C:\WINDOWS\System32\powrprof.dll
0x00007fffdb6f0000 - 0x00007fffdb742000 	C:\WINDOWS\System32\shlwapi.dll
0x00007fffd77c0000 - 0x00007fffd77d1000 	C:\WINDOWS\System32\kernel.appcore.dll
0x00007fffd8830000 - 0x00007fffd8847000 	C:\WINDOWS\System32\cryptsp.dll
0x00007fffc0ff0000 - 0x00007fffc100a000 	C:\Program Files\Java\jdk1.8.0_241\jre\bin\net.dll
0x00007fffd6fe0000 - 0x00007fffd7047000 	C:\WINDOWS\system32\mswsock.dll
0x00007fffc0fd0000 - 0x00007fffc0fe2000 	C:\Program Files\Java\jdk1.8.0_241\jre\bin\nio.dll
0x00007fffc1040000 - 0x00007fffc1066000 	C:\Users\¿Á¿±\.gradle\native\30\windows-amd64\native-platform.dll
0x00007fffc8770000 - 0x00007fffc877d000 	C:\Program Files\Java\jdk1.8.0_241\jre\bin\management.dll
0x00007fffd6ac0000 - 0x00007fffd6af3000 	C:\WINDOWS\system32\rsaenh.dll
0x00007fffd88b0000 - 0x00007fffd88d6000 	C:\WINDOWS\System32\bcrypt.dll
0x00007fffd76a0000 - 0x00007fffd76c8000 	C:\WINDOWS\SYSTEM32\USERENV.dll
0x00007fffd71b0000 - 0x00007fffd71bc000 	C:\WINDOWS\SYSTEM32\CRYPTBASE.dll
0x00007fffd6ce0000 - 0x00007fffd6d1d000 	C:\WINDOWS\SYSTEM32\IPHLPAPI.DLL
0x00007fffdb060000 - 0x00007fffdb068000 	C:\WINDOWS\System32\NSI.dll
0x00007fffce290000 - 0x00007fffce2a6000 	C:\WINDOWS\SYSTEM32\dhcpcsvc6.DLL
0x00007fffcdff0000 - 0x00007fffce00c000 	C:\WINDOWS\SYSTEM32\dhcpcsvc.DLL
0x00007fffd6d20000 - 0x00007fffd6de6000 	C:\WINDOWS\SYSTEM32\DNSAPI.dll

VM Arguments:
jvm_args: -Xmx1536m -Dfile.encoding=x-windows-949 -Duser.country=KR -Duser.language=ko -Duser.variant 
java_command: org.gradle.launcher.daemon.bootstrap.GradleDaemon 5.6.4
java_class_path (initial): C:\Users\¿Á¿±\.gradle\wrapper\dists\gradle-5.6.4-all\ankdp27end7byghfw1q2sw75f\gradle-5.6.4\lib\gradle-launcher-5.6.4.jar
Launcher Type: SUN_STANDARD

Environment Variables:
JAVA_HOME=C:\Program Files\Java\jdk-13.0.2
CLASSPATH=C:\Program Files\Java\jdk-13.0.2lib
PATH=C:\Program Files (x86)\Common Files\Oracle\Java\javapath;D:\Oracle\app\product\12.2.0\dbhome_1\bin;D:\product\12.1.0\dbhome_2\bin;D:\Oracle12c\product\12.1.0\dbhome_1\bin;C:\Program Files\AdoptOpenJDK\jdk-8.0.202.08\bin;C:\oraclexe\app\oracle\product\11.2.0\server\bin;C:\Program Files (x86)\Intel\iCLS Client\;C:\Program Files\Intel\iCLS Client\;C:\WINDOWS\system32;C:\WINDOWS;C:\WINDOWS\System32\Wbem;C:\WINDOWS\System32\WindowsPowerShell\v1.0\;C:\Program Files (x86)\Windows Live\Shared;C:\Program Files\Intel\Intel(R) Management Engine Components\DAL;C:\Program Files\Intel\Intel(R) Management Engine Components\IPT;C:\Program Files (x86)\Intel\Intel(R) Management Engine Components\DAL;C:\Program Files (x86)\Intel\Intel(R) Management Engine Components\IPT;C:\Program Files\Intel\WiFi\bin\;C:\Program Files\Common Files\Intel\WirelessCommon\;C:\Program Files\MySQL\MySQL Server 5.5\bin;C:\Program Files (x86)\MySQL\MySQL Server 5.0\bin;C:\WINDOWS\System32\OpenSSH\;C:\Program Files\Git\cmd;C:\Program Files\PuTTY\;C:\Program Files\Java\jdk-13.0.2bin;C:\Program Files\OpenSSL-Win64\bin;C:\Users\¿Á¿±\AppData\Local\Programs\Python\Python37\Scripts\;C:\Users\¿Á¿±\AppData\Local\Programs\Python\Python37\;C:\Anaconda3;C:\Anaconda3\Library\mingw-w64\bin;C:\Anaconda3\Library\usr\bin;C:\Anaconda3\Library\bin;C:\Anaconda3\Scripts;C:\Program Files\MySQL\MySQL Shell 8.0\bin\;C:\Python;C:\Python\Library\mingw-w64\bin;C:\Python\Library\usr\bin;C:\Python\Library\bin;C:\Python\Scripts;C:\Users\¿Á¿±\AppData\Local\Microsoft\WindowsApps;C:\Program Files\Bandizip\;C:\Users\¿Á¿±\AppData\Local\GitHubDesktop\bin
USERNAME=Jeong
OS=Windows_NT
PROCESSOR_IDENTIFIER=Intel64 Family 6 Model 69 Stepping 1, GenuineIntel



---------------  S Y S T E M  ---------------

OS: Windows 10.0 , 64 bit Build 17763 (10.0.17763.475)

CPU:total 4 (initial active 4) (2 cores per cpu, 2 threads per core) family 6 model 69 stepping 1, cmov, cx8, fxsr, mmx, sse, sse2, sse3, ssse3, sse4.1, sse4.2, popcnt, avx, avx2, aes, clmul, erms, lzcnt, ht, tsc, tscinvbit, bmi1, bmi2

Memory: 4k page, physical 8294176k(1283660k free), swap 9723680k(5176k free)

vm_info: Java HotSpot(TM) 64-Bit Server VM (25.241-b07) for windows-amd64 JRE (1.8.0_241-b07), built on Dec 11 2019 10:21:40 by "rejava" with MS VC++ 10.0 (VS2010)

time: Fri Apr 24 23:57:48 2020
timezone: ¥Î«—πŒ±π «•¡ÿΩ√
elapsed time: 1422 seconds (0d 0h 23m 42s)

